2017-01-16 02:55:12 ERROR SqlExceptionHelper:144 - Column 'BUDGETING_START_DT' cannot be null
2017-05-14 03:08:01 ERROR SqlExceptionHelper:144 - Access denied for user 'root'@'localhost' (using password: YES)
2017-05-14 03:11:41 ERROR SqlExceptionHelper:144 - Access denied for user 'root'@'localhost' (using password: YES)
2017-05-14 03:12:39 ERROR SqlExceptionHelper:144 - Access denied for user 'root'@'localhost' (using password: YES)
2017-05-14 03:14:49 ERROR SqlExceptionHelper:144 - FUNCTION fbs.nextval does not exist
2017-05-14 12:16:22 ERROR SqlExceptionHelper:144 - FUNCTION fbs.nextval does not exist
2017-05-15 00:12:48 ERROR FacadeExecutor:14 - java.lang.reflect.InvocationTargetException
	at sun.reflect.NativeMethodAccessorImpl.invoke0(Native Method)
	at sun.reflect.NativeMethodAccessorImpl.invoke(NativeMethodAccessorImpl.java:57)
	at sun.reflect.DelegatingMethodAccessorImpl.invoke(DelegatingMethodAccessorImpl.java:43)
	at java.lang.reflect.Method.invoke(Method.java:606)
	at org.apache.commons.beanutils.MethodUtils.invokeMethod(MethodUtils.java:282)
	at org.apache.commons.beanutils.MethodUtils.invokeMethod(MethodUtils.java:226)
	at org.apache.commons.beanutils.MethodUtils.invokeMethod(MethodUtils.java:177)
	at sg.com.fbs.core.businfra.facade.FacadeExecutor.execute(FacadeExecutor.java:88)
	at sg.com.fbs.core.businfra.facade.FacadeExecutor$$FastClassBySpringCGLIB$$ff8b6854.invoke(<generated>)
	at org.springframework.cglib.proxy.MethodProxy.invoke(MethodProxy.java:204)
	at org.springframework.aop.framework.CglibAopProxy$CglibMethodInvocation.invokeJoinpoint(CglibAopProxy.java:717)
	at org.springframework.aop.framework.ReflectiveMethodInvocation.proceed(ReflectiveMethodInvocation.java:157)
	at org.springframework.transaction.interceptor.TransactionInterceptor.invoke(TransactionInterceptor.java:110)
	at org.springframework.aop.framework.ReflectiveMethodInvocation.proceed(ReflectiveMethodInvocation.java:179)
	at org.springframework.aop.framework.CglibAopProxy$DynamicAdvisedInterceptor.intercept(CglibAopProxy.java:653)
	at sg.com.fbs.core.businfra.facade.FacadeExecutor$$EnhancerBySpringCGLIB$$90cb0632.execute(<generated>)
	at sg.com.fbs.core.businfra.facade.CommonFacade.run(CommonFacade.java:25)
	at sg.com.fbs.services.system.security.uam.mgr.UserAccountManagerBD.saveNewUser(UserAccountManagerBD.java:26)
	at sg.com.fbs.web.ui.controller.system.security.uam.UserAccountManagementCRUD.insert(UserAccountManagementCRUD.java:77)
	at sun.reflect.NativeMethodAccessorImpl.invoke0(Native Method)
	at sun.reflect.NativeMethodAccessorImpl.invoke(NativeMethodAccessorImpl.java:57)
	at sun.reflect.DelegatingMethodAccessorImpl.invoke(DelegatingMethodAccessorImpl.java:43)
	at java.lang.reflect.Method.invoke(Method.java:606)
	at org.apache.commons.beanutils.MethodUtils.invokeMethod(MethodUtils.java:282)
	at org.apache.commons.beanutils.MethodUtils.invokeMethod(MethodUtils.java:226)
	at sg.com.fbs.core.techinfra.web.BaseWebController.executeCRUD(BaseWebController.java:452)
	at sg.com.fbs.core.techinfra.web.BaseWebController.executeCRUDOperation(BaseWebController.java:378)
	at sg.com.fbs.core.techinfra.web.BaseWebController.handleRequestInternal(BaseWebController.java:206)
	at org.springframework.web.servlet.mvc.AbstractController.handleRequest(AbstractController.java:154)
	at org.springframework.web.servlet.mvc.SimpleControllerHandlerAdapter.handle(SimpleControllerHandlerAdapter.java:50)
	at org.springframework.web.servlet.DispatcherServlet.doDispatch(DispatcherServlet.java:943)
	at org.springframework.web.servlet.DispatcherServlet.doService(DispatcherServlet.java:877)
	at org.springframework.web.servlet.FrameworkServlet.processRequest(FrameworkServlet.java:966)
	at org.springframework.web.servlet.FrameworkServlet.doPost(FrameworkServlet.java:868)
	at javax.servlet.http.HttpServlet.service(HttpServlet.java:637)
	at org.springframework.web.servlet.FrameworkServlet.service(FrameworkServlet.java:842)
	at javax.servlet.http.HttpServlet.service(HttpServlet.java:717)
	at org.apache.catalina.core.ApplicationFilterChain.internalDoFilter(ApplicationFilterChain.java:290)
	at org.apache.catalina.core.ApplicationFilterChain.doFilter(ApplicationFilterChain.java:206)
	at sg.com.fbs.validator.web.common.ValidationWebContextFilter.doFilter(ValidationWebContextFilter.java:35)
	at org.apache.catalina.core.ApplicationFilterChain.internalDoFilter(ApplicationFilterChain.java:235)
	at org.apache.catalina.core.ApplicationFilterChain.doFilter(ApplicationFilterChain.java:206)
	at org.springframework.security.web.FilterChainProxy$VirtualFilterChain.doFilter(FilterChainProxy.java:330)
	at org.springframework.security.web.access.intercept.FilterSecurityInterceptor.invoke(FilterSecurityInterceptor.java:118)
	at org.springframework.security.web.access.intercept.FilterSecurityInterceptor.doFilter(FilterSecurityInterceptor.java:84)
	at org.springframework.security.web.FilterChainProxy$VirtualFilterChain.doFilter(FilterChainProxy.java:342)
	at org.springframework.security.web.access.ExceptionTranslationFilter.doFilter(ExceptionTranslationFilter.java:113)
	at org.springframework.security.web.FilterChainProxy$VirtualFilterChain.doFilter(FilterChainProxy.java:342)
	at org.springframework.security.web.session.SessionManagementFilter.doFilter(SessionManagementFilter.java:103)
	at org.springframework.security.web.FilterChainProxy$VirtualFilterChain.doFilter(FilterChainProxy.java:342)
	at org.springframework.security.web.authentication.AnonymousAuthenticationFilter.doFilter(AnonymousAuthenticationFilter.java:113)
	at org.springframework.security.web.FilterChainProxy$VirtualFilterChain.doFilter(FilterChainProxy.java:342)
	at org.springframework.security.web.servletapi.SecurityContextHolderAwareRequestFilter.doFilter(SecurityContextHolderAwareRequestFilter.java:54)
	at org.springframework.security.web.FilterChainProxy$VirtualFilterChain.doFilter(FilterChainProxy.java:342)
	at org.springframework.security.web.savedrequest.RequestCacheAwareFilter.doFilter(RequestCacheAwareFilter.java:45)
	at org.springframework.security.web.FilterChainProxy$VirtualFilterChain.doFilter(FilterChainProxy.java:342)
	at org.springframework.security.web.authentication.AbstractAuthenticationProcessingFilter.doFilter(AbstractAuthenticationProcessingFilter.java:183)
	at org.springframework.security.web.FilterChainProxy$VirtualFilterChain.doFilter(FilterChainProxy.java:342)
	at org.springframework.security.web.authentication.logout.LogoutFilter.doFilter(LogoutFilter.java:105)
	at org.springframework.security.web.FilterChainProxy$VirtualFilterChain.doFilter(FilterChainProxy.java:342)
	at org.springframework.security.web.context.SecurityContextPersistenceFilter.doFilter(SecurityContextPersistenceFilter.java:87)
	at org.springframework.security.web.FilterChainProxy$VirtualFilterChain.doFilter(FilterChainProxy.java:342)
	at sg.com.fbs.security.web.auth.session.FbsConcurrentSessionFilter.doFilter(FbsConcurrentSessionFilter.java:102)
	at org.springframework.security.web.FilterChainProxy$VirtualFilterChain.doFilter(FilterChainProxy.java:342)
	at org.springframework.security.web.FilterChainProxy.doFilterInternal(FilterChainProxy.java:192)
	at org.springframework.security.web.FilterChainProxy.doFilter(FilterChainProxy.java:160)
	at org.springframework.web.filter.DelegatingFilterProxy.invokeDelegate(DelegatingFilterProxy.java:344)
	at org.springframework.web.filter.DelegatingFilterProxy.doFilter(DelegatingFilterProxy.java:261)
	at org.apache.catalina.core.ApplicationFilterChain.internalDoFilter(ApplicationFilterChain.java:235)
	at org.apache.catalina.core.ApplicationFilterChain.doFilter(ApplicationFilterChain.java:206)
	at org.springframework.orm.hibernate4.support.OpenSessionInViewFilter.doFilterInternal(OpenSessionInViewFilter.java:119)
	at org.springframework.web.filter.OncePerRequestFilter.doFilter(OncePerRequestFilter.java:107)
	at org.apache.catalina.core.ApplicationFilterChain.internalDoFilter(ApplicationFilterChain.java:235)
	at org.apache.catalina.core.ApplicationFilterChain.doFilter(ApplicationFilterChain.java:206)
	at org.apache.catalina.core.StandardWrapperValve.invoke(StandardWrapperValve.java:233)
	at org.apache.catalina.core.StandardContextValve.invoke(StandardContextValve.java:191)
	at org.apache.catalina.core.StandardHostValve.invoke(StandardHostValve.java:127)
	at org.apache.catalina.valves.ErrorReportValve.invoke(ErrorReportValve.java:102)
	at org.apache.catalina.core.StandardEngineValve.invoke(StandardEngineValve.java:109)
	at org.apache.catalina.connector.CoyoteAdapter.service(CoyoteAdapter.java:298)
	at org.apache.coyote.http11.Http11Processor.process(Http11Processor.java:857)
	at org.apache.coyote.http11.Http11Protocol$Http11ConnectionHandler.process(Http11Protocol.java:588)
	at org.apache.tomcat.util.net.JIoEndpoint$Worker.run(JIoEndpoint.java:489)
	at java.lang.Thread.run(Thread.java:745)
Caused by: sg.com.fbs.services.security.password.CryptoConfigException: Illegal key size
	at sg.com.fbs.services.security.password.AbstractCryptoProvider.encryptAesCbc(AbstractCryptoProvider.java:226)
	at sg.com.fbs.services.security.password.AbstractCryptoProvider.encryptUserData(AbstractCryptoProvider.java:98)
	at sg.com.fbs.services.security.external.crypto.provider.CryptoOperationsManager.decryptHashedSecurityAnswers(CryptoOperationsManager.java:117)
	at sg.com.fbs.services.security.external.crypto.provider.CryptoServicesClientManager.decryptSecurityAnswers(CryptoServicesClientManager.java:62)
	at sg.com.fbs.services.security.password.PasswordServicesManager.decryptSecurityAnswers(PasswordServicesManager.java:72)
	at sg.com.fbs.services.system.security.uam.mgr.UserAccountManager.saveNewUser(UserAccountManager.java:96)
	... 84 more
Caused by: java.security.InvalidKeyException: Illegal key size
	at javax.crypto.Cipher.checkCryptoPerm(Cipher.java:1029)
	at javax.crypto.Cipher.init(Cipher.java:1371)
	at javax.crypto.Cipher.init(Cipher.java:1308)
	at sg.com.fbs.services.security.password.AbstractCryptoProvider.encryptAesCbc(AbstractCryptoProvider.java:221)
	... 89 more

